<?xml version="1.0" encoding="UTF-8"?>
<testsuite name="com.csc.TestCheeseAnalyzer" tests="7" skipped="0" failures="0" errors="0" timestamp="2024-10-02T03:34:04" hostname="CHRIS-LAPTOP" time="0.15">
  <properties/>
  <testcase name="testOne()" classname="com.csc.TestCheeseAnalyzer" time="0.052"/>
  <testcase name="testSix()" classname="com.csc.TestCheeseAnalyzer" time="0.03"/>
  <testcase name="testTwo()" classname="com.csc.TestCheeseAnalyzer" time="0.012"/>
  <testcase name="testThree()" classname="com.csc.TestCheeseAnalyzer" time="0.012"/>
  <testcase name="testFive()" classname="com.csc.TestCheeseAnalyzer" time="0.009"/>
  <testcase name="testFour()" classname="com.csc.TestCheeseAnalyzer" time="0.01"/>
  <testcase name="testZero()" classname="com.csc.TestCheeseAnalyzer" time="0.019"/>
  <system-out><![CDATA[]]></system-out>
  <system-err><![CDATA[]]></system-err>
</testsuite>
